{"numFailedTestSuites":1,"numFailedTests":0,"numPassedTestSuites":0,"numPassedTests":0,"numPendingTestSuites":0,"numPendingTests":0,"numRuntimeErrorTestSuites":1,"numTodoTests":0,"numTotalTestSuites":1,"numTotalTests":0,"openHandles":[],"snapshot":{"added":0,"didUpdate":false,"failure":false,"filesAdded":0,"filesRemoved":0,"filesRemovedList":[],"filesUnmatched":0,"filesUpdated":0,"matched":0,"total":0,"unchecked":0,"uncheckedKeysByFile":[],"unmatched":0,"updated":0},"startTime":1772828223892,"success":false,"testResults":[{"assertionResults":[],"coverage":{},"endTime":1772828225337,"message":"  ΓùÅ Test suite failed to run\n\n    Jest encountered an unexpected token\n\n    Jest failed to parse a file. This happens e.g. when your code or its dependencies use non-standard JavaScript syntax, or when Jest is not configured to support such syntax.\n\n    Out of the box Jest supports Babel, which will be used to transform your files into valid JS based on your Babel configuration.\n\n    By default \"node_modules\" folder is ignored by transformers.\n\n    Here's what you can do:\n     ΓÇó If you are trying to use ECMAScript Modules, see https://jestjs.io/docs/ecmascript-modules for how to enable it.\n     ΓÇó If you are trying to use TypeScript, see https://jestjs.io/docs/getting-started#using-typescript\n     ΓÇó To have some of your \"node_modules\" files transformed, you can specify a custom \"transformIgnorePatterns\" in your config.\n     ΓÇó If you need a custom transformation, specify a \"transform\" option in your config.\n     ΓÇó If you simply want to mock your non-JS modules (e.g. binary assets) you can stub them out with the \"moduleNameMapper\" config option.\n\n    You'll find more details and examples of these config options in the docs:\n    https://jestjs.io/docs/configuration\n    For information about custom transformations, see:\n    https://jestjs.io/docs/code-transformation\n\n    Details:\n\n    SyntaxError: C:\\Users\\asus\\OneDrive\\Documents\\code zone\\utsukushiiai\\utsukushiiai-2\\apps\\api\\tests\\controllers\\projectController.test.ts: Missing semicolon. (10:13)\n\n    \u001b[0m \u001b[90m  8 |\u001b[39m\n     \u001b[90m  9 |\u001b[39m describe(\u001b[32m\"Project Controller\"\u001b[39m\u001b[33m,\u001b[39m () \u001b[33m=>\u001b[39m {\n    \u001b[31m\u001b[1m>\u001b[22m\u001b[39m\u001b[90m 10 |\u001b[39m   \u001b[36mlet\u001b[39m mockReq\u001b[33m:\u001b[39m \u001b[33mPartial\u001b[39m\u001b[33m<\u001b[39m\u001b[33mRequest\u001b[39m\u001b[33m>\u001b[39m\u001b[33m;\u001b[39m\n     \u001b[90m    |\u001b[39m              \u001b[31m\u001b[1m^\u001b[22m\u001b[39m\n     \u001b[90m 11 |\u001b[39m   \u001b[36mlet\u001b[39m mockRes\u001b[33m:\u001b[39m \u001b[33mPartial\u001b[39m\u001b[33m<\u001b[39m\u001b[33mResponse\u001b[39m\u001b[33m>\u001b[39m\u001b[33m;\u001b[39m\n     \u001b[90m 12 |\u001b[39m   \u001b[36mlet\u001b[39m mockNext\u001b[33m:\u001b[39m jest\u001b[33m.\u001b[39m\u001b[33mMock\u001b[39m\u001b[33m;\u001b[39m\n     \u001b[90m 13 |\u001b[39m\u001b[0m\n\n      at constructor (node_modules/@babel/parser/src/parse-error.ts:95:45)\n      at Parser.toParseError [as raise] (node_modules/@babel/parser/src/tokenizer/index.ts:1504:19)\n      at Parser.raise [as semicolon] (node_modules/@babel/parser/src/parser/util.ts:149:10)\n      at Parser.semicolon [as parseVarStatement] (node_modules/@babel/parser/src/parser/statement.ts:1252:10)\n      at Parser.parseVarStatement [as parseStatementContent] (node_modules/@babel/parser/src/parser/statement.ts:612:21)\n      at Parser.parseStatementContent [as parseStatementLike] (node_modules/@babel/parser/src/parser/statement.ts:482:17)\n      at Parser.parseStatementLike [as parseStatementListItem] (node_modules/@babel/parser/src/parser/statement.ts:431:17)\n      at Parser.parseStatementListItem [as parseBlockOrModuleBlockBody] (node_modules/@babel/parser/src/parser/statement.ts:1444:16)\n      at Parser.parseBlockOrModuleBlockBody [as parseBlockBody] (node_modules/@babel/parser/src/parser/statement.ts:1417:10)\n      at Parser.parseBlockBody [as parseBlock] (node_modules/@babel/parser/src/parser/statement.ts:1385:10)\n      at Parser.parseBlock [as parseFunctionBody] (node_modules/@babel/parser/src/parser/expression.ts:2618:24)\n      at Parser.parseFunctionBody [as parseArrowExpression] (node_modules/@babel/parser/src/parser/expression.ts:2559:10)\n      at Parser.parseArrowExpression [as parseParenAndDistinguishExpression] (node_modules/@babel/parser/src/parser/expression.ts:1847:12)\n      at Parser.parseParenAndDistinguishExpression [as parseExprAtom] (node_modules/@babel/parser/src/parser/expression.ts:1170:21)\n      at Parser.parseExprAtom [as parseExprSubscripts] (node_modules/@babel/parser/src/parser/expression.ts:742:23)\n      at Parser.parseExprSubscripts [as parseUpdate] (node_modules/@babel/parser/src/parser/expression.ts:721:21)\n      at Parser.parseUpdate [as parseMaybeUnary] (node_modules/@babel/parser/src/parser/expression.ts:683:23)\n      at Parser.parseMaybeUnary [as parseMaybeUnaryOrPrivate] (node_modules/@babel/parser/src/parser/expression.ts:417:14)\n      at Parser.parseMaybeUnaryOrPrivate [as parseExprOps] (node_modules/@babel/parser/src/parser/expression.ts:429:23)\n      at Parser.parseExprOps [as parseMaybeConditional] (node_modules/@babel/parser/src/parser/expression.ts:384:23)\n      at Parser.parseMaybeConditional [as parseMaybeAssign] (node_modules/@babel/parser/src/parser/expression.ts:301:21)\n      at parseMaybeAssign (node_modules/@babel/parser/src/parser/expression.ts:257:12)\n      at Parser.callback [as allowInAnd] (node_modules/@babel/parser/src/parser/expression.ts:3194:12)\n      at Parser.allowInAnd [as parseMaybeAssignAllowIn] (node_modules/@babel/parser/src/parser/expression.ts:256:17)\n      at Parser.parseMaybeAssignAllowIn [as parseMaybeAssignAllowInOrVoidPattern] (node_modules/@babel/parser/src/parser/expression.ts:3308:17)\n      at Parser.parseMaybeAssignAllowInOrVoidPattern [as parseExprListItem] (node_modules/@babel/parser/src/parser/expression.ts:2790:18)\n      at Parser.parseExprListItem [as parseCallExpressionArguments] (node_modules/@babel/parser/src/parser/expression.ts:1042:14)\n      at Parser.parseCallExpressionArguments [as parseCoverCallAndAsyncArrowHead] (node_modules/@babel/parser/src/parser/expression.ts:922:29)\n      at Parser.parseCoverCallAndAsyncArrowHead [as parseSubscript] (node_modules/@babel/parser/src/parser/expression.ts:804:19)\n      at Parser.parseSubscript [as parseSubscripts] (node_modules/@babel/parser/src/parser/expression.ts:763:19)\n      at Parser.parseSubscripts [as parseExprSubscripts] (node_modules/@babel/parser/src/parser/expression.ts:748:17)\n      at Parser.parseExprSubscripts [as parseUpdate] (node_modules/@babel/parser/src/parser/expression.ts:721:21)\n      at Parser.parseUpdate [as parseMaybeUnary] (node_modules/@babel/parser/src/parser/expression.ts:683:23)\n      at Parser.parseMaybeUnary [as parseMaybeUnaryOrPrivate] (node_modules/@babel/parser/src/parser/expression.ts:417:14)\n      at Parser.parseMaybeUnaryOrPrivate [as parseExprOps] (node_modules/@babel/parser/src/parser/expression.ts:429:23)\n      at Parser.parseExprOps [as parseMaybeConditional] (node_modules/@babel/parser/src/parser/expression.ts:384:23)\n      at Parser.parseMaybeConditional [as parseMaybeAssign] (node_modules/@babel/parser/src/parser/expression.ts:301:21)\n      at Parser.parseMaybeAssign [as parseExpressionBase] (node_modules/@babel/parser/src/parser/expression.ts:226:23)\n      at parseExpressionBase (node_modules/@babel/parser/src/parser/expression.ts:217:39)\n      at Parser.callback [as allowInAnd] (node_modules/@babel/parser/src/parser/expression.ts:3189:16)\n      at Parser.allowInAnd [as parseExpression] (node_modules/@babel/parser/src/parser/expression.ts:217:17)\n      at Parser.parseExpression [as parseStatementContent] (node_modules/@babel/parser/src/parser/statement.ts:688:23)\n      at Parser.parseStatementContent [as parseStatementLike] (node_modules/@babel/parser/src/parser/statement.ts:482:17)\n      at Parser.parseStatementLike [as parseModuleItem] (node_modules/@babel/parser/src/parser/statement.ts:419:17)\n      at Parser.parseModuleItem [as parseBlockOrModuleBlockBody] (node_modules/@babel/parser/src/parser/statement.ts:1443:16)\n      at Parser.parseBlockOrModuleBlockBody [as parseBlockBody] (node_modules/@babel/parser/src/parser/statement.ts:1417:10)\n      at Parser.parseBlockBody [as parseProgram] (node_modules/@babel/parser/src/parser/statement.ts:229:10)\n      at Parser.parseProgram [as parseTopLevel] (node_modules/@babel/parser/src/parser/statement.ts:203:25)\n      at Parser.parseTopLevel [as parse] (node_modules/@babel/parser/src/parser/index.ts:83:25)\n      at parse (node_modules/@babel/parser/src/index.ts:86:38)\n      at parser (node_modules/@babel/core/src/parser/index.ts:29:19)\n          at parser.next (<anonymous>)\n      at normalizeFile (node_modules/@babel/core/src/transformation/normalize-file.ts:50:24)\n          at normalizeFile.next (<anonymous>)\n      at run (node_modules/@babel/core/src/transformation/index.ts:41:36)\n          at run.next (<anonymous>)\n      at transform (node_modules/@babel/core/src/transform.ts:29:20)\n          at transform.next (<anonymous>)\n      at evaluateSync (node_modules/gensync/index.js:251:28)\n      at sync (node_modules/gensync/index.js:89:14)\n      at fn (node_modules/@babel/core/src/errors/rewrite-stack-trace.ts:99:14)\n      at transformSync (node_modules/@babel/core/src/transform.ts:66:52)\n      at ScriptTransformer.transformSource (node_modules/@jest/transform/build/index.js:422:31)\n      at ScriptTransformer._transformAndBuildScript (node_modules/@jest/transform/build/index.js:519:40)\n      at ScriptTransformer.transform (node_modules/@jest/transform/build/index.js:558:19)\n","name":"C:\\Users\\asus\\OneDrive\\Documents\\code zone\\utsukushiiai\\utsukushiiai-2\\apps\\api\\tests\\controllers\\projectController.test.ts","startTime":1772828225337,"status":"failed","summary":""}],"wasInterrupted":false}
