{"numFailedTestSuites":1,"numFailedTests":0,"numPassedTestSuites":0,"numPassedTests":0,"numPendingTestSuites":0,"numPendingTests":0,"numRuntimeErrorTestSuites":1,"numTodoTests":0,"numTotalTestSuites":1,"numTotalTests":0,"openHandles":[],"snapshot":{"added":0,"didUpdate":false,"failure":false,"filesAdded":0,"filesRemoved":0,"filesRemovedList":[],"filesUnmatched":0,"filesUpdated":0,"matched":0,"total":0,"unchecked":0,"uncheckedKeysByFile":[],"unmatched":0,"updated":0},"startTime":1772828009808,"success":false,"testResults":[{"assertionResults":[],"coverage":{},"endTime":1772828015123,"message":"  ΓùÅ Test suite failed to run\n\n    \u001b[96mapps/api/tests/controllers/projectController.test.ts\u001b[0m:\u001b[93m7\u001b[0m:\u001b[93m1\u001b[0m - \u001b[91merror\u001b[0m\u001b[90m TS2304: \u001b[0mCannot find name 'jest'.\n\n    \u001b[7m7\u001b[0m jest.mock(\"../../src/services\");\n    \u001b[7m \u001b[0m \u001b[91m~~~~\u001b[0m\n    \u001b[96mapps/api/tests/controllers/projectController.test.ts\u001b[0m:\u001b[93m9\u001b[0m:\u001b[93m1\u001b[0m - \u001b[91merror\u001b[0m\u001b[90m TS2593: \u001b[0mCannot find name 'describe'. Do you need to install type definitions for a test runner? Try `npm i --save-dev @types/jest` or `npm i --save-dev @types/mocha` and then add 'jest' or 'mocha' to the types field in your tsconfig.\n\n    \u001b[7m9\u001b[0m describe(\"Project Controller\", () => {\n    \u001b[7m \u001b[0m \u001b[91m~~~~~~~~\u001b[0m\n    \u001b[96mapps/api/tests/controllers/projectController.test.ts\u001b[0m:\u001b[93m12\u001b[0m:\u001b[93m17\u001b[0m - \u001b[91merror\u001b[0m\u001b[90m TS2503: \u001b[0mCannot find namespace 'jest'.\n\n    \u001b[7m12\u001b[0m   let mockNext: jest.Mock;\n    \u001b[7m  \u001b[0m \u001b[91m                ~~~~\u001b[0m\n    \u001b[96mapps/api/tests/controllers/projectController.test.ts\u001b[0m:\u001b[93m17\u001b[0m:\u001b[93m5\u001b[0m - \u001b[91merror\u001b[0m\u001b[90m TS2353: \u001b[0mObject literal may only specify known properties, and 'name' does not exist in type 'User'.\n\n    \u001b[7m17\u001b[0m     name: \"Test User\",\n    \u001b[7m  \u001b[0m \u001b[91m    ~~~~\u001b[0m\n    \u001b[96mapps/api/tests/controllers/projectController.test.ts\u001b[0m:\u001b[93m20\u001b[0m:\u001b[93m3\u001b[0m - \u001b[91merror\u001b[0m\u001b[90m TS2304: \u001b[0mCannot find name 'beforeEach'.\n\n    \u001b[7m20\u001b[0m   beforeEach(() => {\n    \u001b[7m  \u001b[0m \u001b[91m  ~~~~~~~~~~\u001b[0m\n    \u001b[96mapps/api/tests/controllers/projectController.test.ts\u001b[0m:\u001b[93m22\u001b[0m:\u001b[93m7\u001b[0m - \u001b[91merror\u001b[0m\u001b[90m TS2741: \u001b[0mProperty 'userId' is missing in type 'User' but required in type 'TokenPayload'.\n\n    \u001b[7m22\u001b[0m       user: mockUser,\n    \u001b[7m  \u001b[0m \u001b[91m      ~~~~\u001b[0m\n\n      \u001b[96mapps/api/src/utils/jwt.ts\u001b[0m:\u001b[93m5\u001b[0m:\u001b[93m3\u001b[0m\n        \u001b[7m5\u001b[0m   userId: string;\n        \u001b[7m \u001b[0m \u001b[96m  ~~~~~~\u001b[0m\n        'userId' is declared here.\n      \u001b[96mapps/api/src/types/express.d.ts\u001b[0m:\u001b[93m6\u001b[0m:\u001b[93m7\u001b[0m\n        \u001b[7m6\u001b[0m       user?: TokenPayload;\n        \u001b[7m \u001b[0m \u001b[96m      ~~~~\u001b[0m\n        The expected type comes from property 'user' which is declared here on type 'Partial<Request<ParamsDictionary, any, any, ParsedQs, Record<string, any>>>'\n    \u001b[96mapps/api/tests/controllers/projectController.test.ts\u001b[0m:\u001b[93m28\u001b[0m:\u001b[93m15\u001b[0m - \u001b[91merror\u001b[0m\u001b[90m TS2304: \u001b[0mCannot find name 'jest'.\n\n    \u001b[7m28\u001b[0m       status: jest.fn().mockReturnThis(),\n    \u001b[7m  \u001b[0m \u001b[91m              ~~~~\u001b[0m\n    \u001b[96mapps/api/tests/controllers/projectController.test.ts\u001b[0m:\u001b[93m29\u001b[0m:\u001b[93m13\u001b[0m - \u001b[91merror\u001b[0m\u001b[90m TS2304: \u001b[0mCannot find name 'jest'.\n\n    \u001b[7m29\u001b[0m       json: jest.fn(),\n    \u001b[7m  \u001b[0m \u001b[91m            ~~~~\u001b[0m\n    \u001b[96mapps/api/tests/controllers/projectController.test.ts\u001b[0m:\u001b[93m31\u001b[0m:\u001b[93m16\u001b[0m - \u001b[91merror\u001b[0m\u001b[90m TS2304: \u001b[0mCannot find name 'jest'.\n\n    \u001b[7m31\u001b[0m     mockNext = jest.fn();\n    \u001b[7m  \u001b[0m \u001b[91m               ~~~~\u001b[0m\n    \u001b[96mapps/api/tests/controllers/projectController.test.ts\u001b[0m:\u001b[93m32\u001b[0m:\u001b[93m5\u001b[0m - \u001b[91merror\u001b[0m\u001b[90m TS2304: \u001b[0mCannot find name 'jest'.\n\n    \u001b[7m32\u001b[0m     jest.clearAllMocks();\n    \u001b[7m  \u001b[0m \u001b[91m    ~~~~\u001b[0m\n    \u001b[96mapps/api/tests/controllers/projectController.test.ts\u001b[0m:\u001b[93m35\u001b[0m:\u001b[93m3\u001b[0m - \u001b[91merror\u001b[0m\u001b[90m TS2593: \u001b[0mCannot find name 'describe'. Do you need to install type definitions for a test runner? Try `npm i --save-dev @types/jest` or `npm i --save-dev @types/mocha` and then add 'jest' or 'mocha' to the types field in your tsconfig.\n\n    \u001b[7m35\u001b[0m   describe(\"getProjects\", () => {\n    \u001b[7m  \u001b[0m \u001b[91m  ~~~~~~~~\u001b[0m\n    \u001b[96mapps/api/tests/controllers/projectController.test.ts\u001b[0m:\u001b[93m36\u001b[0m:\u001b[93m5\u001b[0m - \u001b[91merror\u001b[0m\u001b[90m TS2593: \u001b[0mCannot find name 'it'. Do you need to install type definitions for a test runner? Try `npm i --save-dev @types/jest` or `npm i --save-dev @types/mocha` and then add 'jest' or 'mocha' to the types field in your tsconfig.\n\n    \u001b[7m36\u001b[0m     it(\"should return projects for the user\", async () => {\n    \u001b[7m  \u001b[0m \u001b[91m    ~~\u001b[0m\n    \u001b[96mapps/api/tests/controllers/projectController.test.ts\u001b[0m:\u001b[93m38\u001b[0m:\u001b[93m23\u001b[0m - \u001b[91merror\u001b[0m\u001b[90m TS2339: \u001b[0mProperty 'getProjectsByUserId' does not exist on type 'ProjectService'.\n\n    \u001b[7m38\u001b[0m       (projectService.getProjectsByUserId as jest.Mock).mockResolvedValueOnce({\n    \u001b[7m  \u001b[0m \u001b[91m                      ~~~~~~~~~~~~~~~~~~~\u001b[0m\n    \u001b[96mapps/api/tests/controllers/projectController.test.ts\u001b[0m:\u001b[93m38\u001b[0m:\u001b[93m46\u001b[0m - \u001b[91merror\u001b[0m\u001b[90m TS2503: \u001b[0mCannot find namespace 'jest'.\n\n    \u001b[7m38\u001b[0m       (projectService.getProjectsByUserId as jest.Mock).mockResolvedValueOnce({\n    \u001b[7m  \u001b[0m \u001b[91m                                             ~~~~\u001b[0m\n    \u001b[96mapps/api/tests/controllers/projectController.test.ts\u001b[0m:\u001b[93m46\u001b[0m:\u001b[93m31\u001b[0m - \u001b[91merror\u001b[0m\u001b[90m TS2339: \u001b[0mProperty 'getProjects' does not exist on type 'typeof import(\"C:/Users/asus/OneDrive/Documents/code zone/utsukushiiai/utsukushiiai-2/apps/api/src/controllers/projectController\")'.\n\n    \u001b[7m46\u001b[0m       await projectController.getProjects(\n    \u001b[7m  \u001b[0m \u001b[91m                              ~~~~~~~~~~~\u001b[0m\n    \u001b[96mapps/api/tests/controllers/projectController.test.ts\u001b[0m:\u001b[93m52\u001b[0m:\u001b[93m7\u001b[0m - \u001b[91merror\u001b[0m\u001b[90m TS2304: \u001b[0mCannot find name 'expect'.\n\n    \u001b[7m52\u001b[0m       expect(projectService.getProjectsByUserId).toHaveBeenCalledWith(\n    \u001b[7m  \u001b[0m \u001b[91m      ~~~~~~\u001b[0m\n    \u001b[96mapps/api/tests/controllers/projectController.test.ts\u001b[0m:\u001b[93m52\u001b[0m:\u001b[93m29\u001b[0m - \u001b[91merror\u001b[0m\u001b[90m TS2339: \u001b[0mProperty 'getProjectsByUserId' does not exist on type 'ProjectService'.\n\n    \u001b[7m52\u001b[0m       expect(projectService.getProjectsByUserId).toHaveBeenCalledWith(\n    \u001b[7m  \u001b[0m \u001b[91m                            ~~~~~~~~~~~~~~~~~~~\u001b[0m\n    \u001b[96mapps/api/tests/controllers/projectController.test.ts\u001b[0m:\u001b[93m57\u001b[0m:\u001b[93m7\u001b[0m - \u001b[91merror\u001b[0m\u001b[90m TS2304: \u001b[0mCannot find name 'expect'.\n\n    \u001b[7m57\u001b[0m       expect(mockRes.status).toHaveBeenCalledWith(HTTP_STATUS.OK);\n    \u001b[7m  \u001b[0m \u001b[91m      ~~~~~~\u001b[0m\n    \u001b[96mapps/api/tests/controllers/projectController.test.ts\u001b[0m:\u001b[93m58\u001b[0m:\u001b[93m7\u001b[0m - \u001b[91merror\u001b[0m\u001b[90m TS2304: \u001b[0mCannot find name 'expect'.\n\n    \u001b[7m58\u001b[0m       expect(mockRes.json).toHaveBeenCalledWith(\n    \u001b[7m  \u001b[0m \u001b[91m      ~~~~~~\u001b[0m\n    \u001b[96mapps/api/tests/controllers/projectController.test.ts\u001b[0m:\u001b[93m59\u001b[0m:\u001b[93m9\u001b[0m - \u001b[91merror\u001b[0m\u001b[90m TS2304: \u001b[0mCannot find name 'expect'.\n\n    \u001b[7m59\u001b[0m         expect.objectContaining({ status: \"success\", data: mockProjects }),\n    \u001b[7m  \u001b[0m \u001b[91m        ~~~~~~\u001b[0m\n    \u001b[96mapps/api/tests/controllers/projectController.test.ts\u001b[0m:\u001b[93m63\u001b[0m:\u001b[93m5\u001b[0m - \u001b[91merror\u001b[0m\u001b[90m TS2593: \u001b[0mCannot find name 'it'. Do you need to install type definitions for a test runner? Try `npm i --save-dev @types/jest` or `npm i --save-dev @types/mocha` and then add 'jest' or 'mocha' to the types field in your tsconfig.\n\n    \u001b[7m63\u001b[0m     it(\"should pass errors to next middleware\", async () => {\n    \u001b[7m  \u001b[0m \u001b[91m    ~~\u001b[0m\n    \u001b[96mapps/api/tests/controllers/projectController.test.ts\u001b[0m:\u001b[93m65\u001b[0m:\u001b[93m23\u001b[0m - \u001b[91merror\u001b[0m\u001b[90m TS2339: \u001b[0mProperty 'getProjectsByUserId' does not exist on type 'ProjectService'.\n\n    \u001b[7m65\u001b[0m       (projectService.getProjectsByUserId as jest.Mock).mockRejectedValueOnce(\n    \u001b[7m  \u001b[0m \u001b[91m                      ~~~~~~~~~~~~~~~~~~~\u001b[0m\n    \u001b[96mapps/api/tests/controllers/projectController.test.ts\u001b[0m:\u001b[93m65\u001b[0m:\u001b[93m46\u001b[0m - \u001b[91merror\u001b[0m\u001b[90m TS2503: \u001b[0mCannot find namespace 'jest'.\n\n    \u001b[7m65\u001b[0m       (projectService.getProjectsByUserId as jest.Mock).mockRejectedValueOnce(\n    \u001b[7m  \u001b[0m \u001b[91m                                             ~~~~\u001b[0m\n    \u001b[96mapps/api/tests/controllers/projectController.test.ts\u001b[0m:\u001b[93m69\u001b[0m:\u001b[93m31\u001b[0m - \u001b[91merror\u001b[0m\u001b[90m TS2339: \u001b[0mProperty 'getProjects' does not exist on type 'typeof import(\"C:/Users/asus/OneDrive/Documents/code zone/utsukushiiai/utsukushiiai-2/apps/api/src/controllers/projectController\")'.\n\n    \u001b[7m69\u001b[0m       await projectController.getProjects(\n    \u001b[7m  \u001b[0m \u001b[91m                              ~~~~~~~~~~~\u001b[0m\n    \u001b[96mapps/api/tests/controllers/projectController.test.ts\u001b[0m:\u001b[93m75\u001b[0m:\u001b[93m7\u001b[0m - \u001b[91merror\u001b[0m\u001b[90m TS2304: \u001b[0mCannot find name 'expect'.\n\n    \u001b[7m75\u001b[0m       expect(mockNext).toHaveBeenCalledWith(error);\n    \u001b[7m  \u001b[0m \u001b[91m      ~~~~~~\u001b[0m\n    \u001b[96mapps/api/tests/controllers/projectController.test.ts\u001b[0m:\u001b[93m79\u001b[0m:\u001b[93m3\u001b[0m - \u001b[91merror\u001b[0m\u001b[90m TS2593: \u001b[0mCannot find name 'describe'. Do you need to install type definitions for a test runner? Try `npm i --save-dev @types/jest` or `npm i --save-dev @types/mocha` and then add 'jest' or 'mocha' to the types field in your tsconfig.\n\n    \u001b[7m79\u001b[0m   describe(\"createProject\", () => {\n    \u001b[7m  \u001b[0m \u001b[91m  ~~~~~~~~\u001b[0m\n    \u001b[96mapps/api/tests/controllers/projectController.test.ts\u001b[0m:\u001b[93m80\u001b[0m:\u001b[93m5\u001b[0m - \u001b[91merror\u001b[0m\u001b[90m TS2593: \u001b[0mCannot find name 'it'. Do you need to install type definitions for a test runner? Try `npm i --save-dev @types/jest` or `npm i --save-dev @types/mocha` and then add 'jest' or 'mocha' to the types field in your tsconfig.\n\n    \u001b[7m80\u001b[0m     it(\"should create a new project\", async () => {\n    \u001b[7m  \u001b[0m \u001b[91m    ~~\u001b[0m\n    \u001b[96mapps/api/tests/controllers/projectController.test.ts\u001b[0m:\u001b[93m88\u001b[0m:\u001b[93m40\u001b[0m - \u001b[91merror\u001b[0m\u001b[90m TS2503: \u001b[0mCannot find namespace 'jest'.\n\n    \u001b[7m88\u001b[0m       (projectService.createProject as jest.Mock).mockResolvedValueOnce(\n    \u001b[7m  \u001b[0m \u001b[91m                                       ~~~~\u001b[0m\n    \u001b[96mapps/api/tests/controllers/projectController.test.ts\u001b[0m:\u001b[93m92\u001b[0m:\u001b[93m31\u001b[0m - \u001b[91merror\u001b[0m\u001b[90m TS2339: \u001b[0mProperty 'createProject' does not exist on type 'typeof import(\"C:/Users/asus/OneDrive/Documents/code zone/utsukushiiai/utsukushiiai-2/apps/api/src/controllers/projectController\")'.\n\n    \u001b[7m92\u001b[0m       await projectController.createProject(\n    \u001b[7m  \u001b[0m \u001b[91m                              ~~~~~~~~~~~~~\u001b[0m\n    \u001b[96mapps/api/tests/controllers/projectController.test.ts\u001b[0m:\u001b[93m98\u001b[0m:\u001b[93m7\u001b[0m - \u001b[91merror\u001b[0m\u001b[90m TS2304: \u001b[0mCannot find name 'expect'.\n\n    \u001b[7m98\u001b[0m       expect(projectService.createProject).toHaveBeenCalledWith({\n    \u001b[7m  \u001b[0m \u001b[91m      ~~~~~~\u001b[0m\n    \u001b[96mapps/api/tests/controllers/projectController.test.ts\u001b[0m:\u001b[93m103\u001b[0m:\u001b[93m7\u001b[0m - \u001b[91merror\u001b[0m\u001b[90m TS2304: \u001b[0mCannot find name 'expect'.\n\n    \u001b[7m103\u001b[0m       expect(mockRes.status).toHaveBeenCalledWith(HTTP_STATUS.CREATED);\n    \u001b[7m   \u001b[0m \u001b[91m      ~~~~~~\u001b[0m\n    \u001b[96mapps/api/tests/controllers/projectController.test.ts\u001b[0m:\u001b[93m104\u001b[0m:\u001b[93m7\u001b[0m - \u001b[91merror\u001b[0m\u001b[90m TS2304: \u001b[0mCannot find name 'expect'.\n\n    \u001b[7m104\u001b[0m       expect(mockRes.json).toHaveBeenCalledWith({\n    \u001b[7m   \u001b[0m \u001b[91m      ~~~~~~\u001b[0m\n","name":"C:\\Users\\asus\\OneDrive\\Documents\\code zone\\utsukushiiai\\utsukushiiai-2\\apps\\api\\tests\\controllers\\projectController.test.ts","startTime":1772828015123,"status":"failed","summary":""}],"wasInterrupted":false}
